  UNIT                                                                                                                                                                         LOAD   ACTIVE SUB       DESCRIPTION
  sys-devices-LNXSYSTM:00-LNXSYBUS:00-ACPI0004:00-MSFT1000:00-173eb58b\x2d8f89\x2d4a6e\x2db5ed\x2d9441a3a6f86d-net-eth1.device                                                 loaded active plugged   /sys/devices/LNXSYSTM:00/LNXSYBUS:00/ACPI0004:00/MSFT1000:00/173eb58b-8f89-4a6e-b5ed-9441a3a6f86d/net/eth1
  sys-devices-LNXSYSTM:00-LNXSYBUS:00-ACPI0004:00-MSFT1000:00-2113c7bf\x2d823c\x2d46b0\x2db7d5\x2d41dbcbbedf6f-net-eth0.device                                                 loaded active plugged   /sys/devices/LNXSYSTM:00/LNXSYBUS:00/ACPI0004:00/MSFT1000:00/2113c7bf-823c-46b0-b7d5-41dbcbbedf6f/net/eth0
  sys-devices-LNXSYSTM:00-LNXSYBUS:00-ACPI0004:00-MSFT1000:00-2498eded\x2d5e50\x2d45ba\x2da7ba\x2d226d6a98d01b-net-eth4.device                                                 loaded active plugged   /sys/devices/LNXSYSTM:00/LNXSYBUS:00/ACPI0004:00/MSFT1000:00/2498eded-5e50-45ba-a7ba-226d6a98d01b/net/eth4
  sys-devices-LNXSYSTM:00-LNXSYBUS:00-ACPI0004:00-MSFT1000:00-3c722f56\x2dbba4\x2d44a1\x2da08a\x2dcaccc2034d64-net-eth3.device                                                 loaded active plugged   /sys/devices/LNXSYSTM:00/LNXSYBUS:00/ACPI0004:00/MSFT1000:00/3c722f56-bba4-44a1-a08a-caccc2034d64/net/eth3
  sys-devices-LNXSYSTM:00-LNXSYBUS:00-ACPI0004:00-MSFT1000:00-69fcf7f8\x2d37b9\x2d4410\x2da7cc\x2d84e92f292397-net-eth2.device                                                 loaded active plugged   /sys/devices/LNXSYSTM:00/LNXSYBUS:00/ACPI0004:00/MSFT1000:00/69fcf7f8-37b9-4410-a7cc-84e92f292397/net/eth2
  sys-devices-LNXSYSTM:00-LNXSYBUS:00-ACPI0004:00-MSFT1000:00-c4b741f5\x2d5582\x2d4c98\x2d8f8b\x2d2e082933c396-pci5582:00-5582:00:00.0-virtio0-virtio\x2dports-vport0p0.device loaded active plugged   /sys/devices/LNXSYSTM:00/LNXSYBUS:00/ACPI0004:00/MSFT1000:00/c4b741f5-5582-4c98-8f8b-2e082933c396/pci5582:00/5582:00:00.0/virtio0/virtio-ports/vport0p0
  sys-devices-LNXSYSTM:00-LNXSYBUS:00-ACPI0004:00-MSFT1000:00-c4b741f5\x2d5582\x2d4c98\x2d8f8b\x2d2e082933c396-pci5582:00-5582:00:00.0-virtio0-virtio\x2dports-vport0p1.device loaded active plugged   /sys/devices/LNXSYSTM:00/LNXSYBUS:00/ACPI0004:00/MSFT1000:00/c4b741f5-5582-4c98-8f8b-2e082933c396/pci5582:00/5582:00:00.0/virtio0/virtio-ports/vport0p1
  sys-devices-LNXSYSTM:00-LNXSYBUS:00-ACPI0004:00-MSFT1000:00-c4b741f5\x2d5582\x2d4c98\x2d8f8b\x2d2e082933c396-pci5582:00-5582:00:00.0-virtio0-virtio\x2dports-vport0p2.device loaded active plugged   /sys/devices/LNXSYSTM:00/LNXSYBUS:00/ACPI0004:00/MSFT1000:00/c4b741f5-5582-4c98-8f8b-2e082933c396/pci5582:00/5582:00:00.0/virtio0/virtio-ports/vport0p2
  sys-devices-LNXSYSTM:00-LNXSYBUS:00-ACPI0004:00-MSFT1000:00-fc232fd7\x2d4443\x2d4791\x2da539\x2ddeef713ec4d4-net-loopback0.device                                            loaded active plugged   /sys/devices/LNXSYSTM:00/LNXSYBUS:00/ACPI0004:00/MSFT1000:00/fc232fd7-4443-4791-a539-deef713ec4d4/net/loopback0
  sys-devices-LNXSYSTM:00-LNXSYBUS:00-ACPI0004:00-MSFT1000:00-fd1d2cbd\x2dce7c\x2d535c\x2d966b\x2deb5f811c95f0-host0-target0:0:0-0:0:0:0-block-sda.device                      loaded active plugged   Virtual_Disk
  sys-devices-LNXSYSTM:00-LNXSYBUS:00-ACPI0004:00-MSFT1000:00-fd1d2cbd\x2dce7c\x2d535c\x2d966b\x2deb5f811c95f0-host0-target0:0:0-0:0:0:1-block-sdb.device                      loaded active plugged   Virtual_Disk
  sys-devices-LNXSYSTM:00-LNXSYBUS:00-ACPI0004:00-MSFT1000:00-fd1d2cbd\x2dce7c\x2d535c\x2d966b\x2deb5f811c95f0-host0-target0:0:0-0:0:0:2-block-sdc.device                      loaded active plugged   Virtual_Disk
  sys-devices-LNXSYSTM:00-LNXSYBUS:00-ACPI0004:00-MSFT1000:00-fd1d2cbd\x2dce7c\x2d535c\x2d966b\x2deb5f811c95f0-host0-target0:0:0-0:0:0:3-block-sdd.device                      loaded active plugged   Virtual_Disk
  sys-devices-platform-serial8250-tty-ttyS0.device                                                                                                                             loaded active plugged   /sys/devices/platform/serial8250/tty/ttyS0
  sys-devices-platform-serial8250-tty-ttyS1.device                                                                                                                             loaded active plugged   /sys/devices/platform/serial8250/tty/ttyS1
  sys-devices-platform-serial8250-tty-ttyS2.device                                                                                                                             loaded active plugged   /sys/devices/platform/serial8250/tty/ttyS2
  sys-devices-platform-serial8250-tty-ttyS3.device                                                                                                                             loaded active plugged   /sys/devices/platform/serial8250/tty/ttyS3
  sys-devices-virtual-block-ram0.device                                                                                                                                        loaded active plugged   /sys/devices/virtual/block/ram0
  sys-devices-virtual-block-ram1.device                                                                                                                                        loaded active plugged   /sys/devices/virtual/block/ram1
  sys-devices-virtual-block-ram10.device                                                                                                                                       loaded active plugged   /sys/devices/virtual/block/ram10
  sys-devices-virtual-block-ram11.device                                                                                                                                       loaded active plugged   /sys/devices/virtual/block/ram11
  sys-devices-virtual-block-ram12.device                                                                                                                                       loaded active plugged   /sys/devices/virtual/block/ram12
  sys-devices-virtual-block-ram13.device                                                                                                                                       loaded active plugged   /sys/devices/virtual/block/ram13
  sys-devices-virtual-block-ram14.device                                                                                                                                       loaded active plugged   /sys/devices/virtual/block/ram14
  sys-devices-virtual-block-ram15.device                                                                                                                                       loaded active plugged   /sys/devices/virtual/block/ram15
  sys-devices-virtual-block-ram2.device                                                                                                                                        loaded active plugged   /sys/devices/virtual/block/ram2
  sys-devices-virtual-block-ram3.device                                                                                                                                        loaded active plugged   /sys/devices/virtual/block/ram3
  sys-devices-virtual-block-ram4.device                                                                                                                                        loaded active plugged   /sys/devices/virtual/block/ram4
  sys-devices-virtual-block-ram5.device                                                                                                                                        loaded active plugged   /sys/devices/virtual/block/ram5
  sys-devices-virtual-block-ram6.device                                                                                                                                        loaded active plugged   /sys/devices/virtual/block/ram6
  sys-devices-virtual-block-ram7.device                                                                                                                                        loaded active plugged   /sys/devices/virtual/block/ram7
  sys-devices-virtual-block-ram8.device                                                                                                                                        loaded active plugged   /sys/devices/virtual/block/ram8
  sys-devices-virtual-block-ram9.device                                                                                                                                        loaded active plugged   /sys/devices/virtual/block/ram9
  sys-devices-virtual-ptp-ptp0.device                                                                                                                                          loaded active plugged   /sys/devices/virtual/ptp/ptp0
  sys-devices-virtual-tty-hvc0.device                                                                                                                                          loaded active plugged   /sys/devices/virtual/tty/hvc0
  sys-devices-virtual-tty-hvc1.device                                                                                                                                          loaded active plugged   /sys/devices/virtual/tty/hvc1
  sys-devices-virtual-tty-hvc2.device                                                                                                                                          loaded active plugged   /sys/devices/virtual/tty/hvc2
  sys-devices-virtual-tty-hvc3.device                                                                                                                                          loaded active plugged   /sys/devices/virtual/tty/hvc3
  sys-devices-virtual-tty-hvc4.device                                                                                                                                          loaded active plugged   /sys/devices/virtual/tty/hvc4
  sys-devices-virtual-tty-hvc5.device                                                                                                                                          loaded active plugged   /sys/devices/virtual/tty/hvc5
  sys-devices-virtual-tty-hvc6.device                                                                                                                                          loaded active plugged   /sys/devices/virtual/tty/hvc6
  sys-devices-virtual-tty-hvc7.device                                                                                                                                          loaded active plugged   /sys/devices/virtual/tty/hvc7
  sys-module-configfs.device                                                                                                                                                   loaded active plugged   /sys/module/configfs
  sys-module-fuse.device                                                                                                                                                       loaded active plugged   /sys/module/fuse
  sys-subsystem-net-devices-eth0.device                                                                                                                                        loaded active plugged   /sys/subsystem/net/devices/eth0
  sys-subsystem-net-devices-eth1.device                                                                                                                                        loaded active plugged   /sys/subsystem/net/devices/eth1
  sys-subsystem-net-devices-eth2.device                                                                                                                                        loaded active plugged   /sys/subsystem/net/devices/eth2
  sys-subsystem-net-devices-eth3.device                                                                                                                                        loaded active plugged   /sys/subsystem/net/devices/eth3
  sys-subsystem-net-devices-eth4.device                                                                                                                                        loaded active plugged   /sys/subsystem/net/devices/eth4
  sys-subsystem-net-devices-loopback0.device                                                                                                                                   loaded active plugged   /sys/subsystem/net/devices/loopback0
  -.mount                                                                                                                                                                      loaded active mounted   Root Mount
  dev-hugepages.mount                                                                                                                                                          loaded active mounted   Huge Pages File System
  dev-mqueue.mount                                                                                                                                                             loaded active mounted   POSIX Message Queue File System
  init.mount                                                                                                                                                                   loaded active mounted   /init
  mnt-c.mount                                                                                                                                                                  loaded active mounted   /mnt/c
  mnt-wsl.mount                                                                                                                                                                loaded active mounted   /mnt/wsl
  mnt-wslg-distro.mount                                                                                                                                                        loaded active mounted   /mnt/wslg/distro
  mnt-wslg-doc.mount                                                                                                                                                           loaded active mounted   /mnt/wslg/doc
  mnt-wslg-run-user-0.mount                                                                                                                                                    loaded active mounted   /mnt/wslg/run/user/0
  mnt-wslg-run-user-1000.mount                                                                                                                                                 loaded active mounted   /mnt/wslg/run/user/1000
  mnt-wslg-versions.txt.mount                                                                                                                                                  loaded active mounted   /mnt/wslg/versions.txt
  mnt-wslg.mount                                                                                                                                                               loaded active mounted   /mnt/wslg
  proc-sys-fs-binfmt_misc.mount                                                                                                                                                loaded active mounted   Arbitrary Executable File Formats File System
  run-lock.mount                                                                                                                                                               loaded active mounted   /run/lock
  run-shm.mount                                                                                                                                                                loaded active mounted   /run/shm
  run-user-0.mount                                                                                                                                                             loaded active mounted   /run/user/0
  run-user-1000.mount                                                                                                                                                          loaded active mounted   /run/user/1000
  run-user.mount                                                                                                                                                               loaded active mounted   /run/user
  sys-fs-fuse-connections.mount                                                                                                                                                loaded active mounted   FUSE Control File System
  sys-kernel-config.mount                                                                                                                                                      loaded active mounted   Kernel Configuration File System
  sys-kernel-debug.mount                                                                                                                                                       loaded active mounted   Kernel Debug File System
  sys-kernel-tracing.mount                                                                                                                                                     loaded active mounted   Kernel Trace File System
  tmp-.X11\x2dunix.mount                                                                                                                                                       loaded active mounted   /tmp/.X11-unix
  tmp.mount                                                                                                                                                                    loaded active mounted   Temporary Directory /tmp
  usr-lib-modules-6.6.87.2\x2dmicrosoft\x2dstandard\x2dWSL2.mount                                                                                                              loaded active mounted   /usr/lib/modules/6.6.87.2-microsoft-standard-WSL2
  usr-lib-wsl-drivers.mount                                                                                                                                                    loaded active mounted   /usr/lib/wsl/drivers
  usr-lib-wsl-lib.mount                                                                                                                                                        loaded active mounted   /usr/lib/wsl/lib
  systemd-ask-password-console.path                                                                                                                                            loaded active waiting   Dispatch Password Requests to Console Directory Watch
  systemd-ask-password-wall.path                                                                                                                                               loaded active waiting   Forward Password Requests to Wall Directory Watch
  init.scope                                                                                                                                                                   loaded active running   System and Service Manager
  session-c1.scope                                                                                                                                                             loaded active running   Session c1 of User lawmcfad
  session-c21.scope                                                                                                                                                            loaded active running   Session c21 of User root
  authselect-apply-changes.service                                                                                                                                             loaded active exited    Apply authselect changes
  console-getty.service                                                                                                                                                        loaded active running   Console Getty
  dbus-broker.service                                                                                                                                                          loaded active running   D-Bus System Message Bus
  getty@tty1.service                                                                                                                                                           loaded active running   Getty on tty1
  kmod-static-nodes.service                                                                                                                                                    loaded active exited    Create List of Static Device Nodes
  lm_sensors.service                                                                                                                                                           loaded active exited    Hardware Monitoring Sensors
● NetworkManager-wait-online.service                                                                                                                                           loaded failed failed    Network Manager Wait Online
  NetworkManager.service                                                                                                                                                       loaded active running   Network Manager
  systemd-homed-activate.service                                                                                                                                               loaded active exited    Home Area Activation
  systemd-homed.service                                                                                                                                                        loaded active running   Home Area Manager
  systemd-journal-flush.service                                                                                                                                                loaded active exited    Flush Journal to Persistent Storage
  systemd-journald.service                                                                                                                                                     loaded active running   Journal Service
  systemd-logind.service                                                                                                                                                       loaded active running   User Login Management
  systemd-network-generator.service                                                                                                                                            loaded active exited    Generate Network Units from Kernel Command Line
  systemd-oomd.service                                                                                                                                                         loaded active running   Userspace Out-Of-Memory (OOM) Killer
  systemd-remount-fs.service                                                                                                                                                   loaded active exited    Remount Root and Kernel File Systems
  systemd-resolved.service                                                                                                                                                     loaded active running   Network Name Resolution
  systemd-sysctl.service                                                                                                                                                       loaded active exited    Apply Kernel Variables
  systemd-tmpfiles-setup-dev-early.service                                                                                                                                     loaded active exited    Create Static Device Nodes in /dev gracefully
  systemd-tmpfiles-setup-dev.service                                                                                                                                           loaded active exited    Create Static Device Nodes in /dev
  systemd-tmpfiles-setup.service                                                                                                                                               loaded active exited    Create System Files and Directories
  systemd-udev-load-credentials.service                                                                                                                                        loaded active exited    Load udev Rules from Credentials
  systemd-udev-trigger.service                                                                                                                                                 loaded active exited    Coldplug All udev Devices
  systemd-udevd.service                                                                                                                                                        loaded active running   Rule-based Manager for Device Events and Files
  systemd-update-utmp.service                                                                                                                                                  loaded active exited    Record System Boot/Shutdown in UTMP
  systemd-user-sessions.service                                                                                                                                                loaded active exited    Permit User Sessions
  systemd-userdb-load-credentials.service                                                                                                                                      loaded active exited    Load JSON user/group Records from Credentials
  systemd-userdbd.service                                                                                                                                                      loaded active running   User Database Manager
  systemd-vconsole-setup.service                                                                                                                                               loaded active exited    Virtual Console Setup
  user-runtime-dir@0.service                                                                                                                                                   loaded active exited    User Runtime Directory /run/user/0
  user-runtime-dir@1000.service                                                                                                                                                loaded active exited    User Runtime Directory /run/user/1000
  user@0.service                                                                                                                                                               loaded active running   User Manager for UID 0
  user@1000.service                                                                                                                                                            loaded active running   User Manager for UID 1000
  -.slice                                                                                                                                                                      loaded active active    Root Slice
  system-getty.slice                                                                                                                                                           loaded active active    Slice /system/getty
  system-modprobe.slice                                                                                                                                                        loaded active active    Slice /system/modprobe
  system.slice                                                                                                                                                                 loaded active active    System Slice
  user-0.slice                                                                                                                                                                 loaded active active    User Slice of UID 0
  user-1000.slice                                                                                                                                                              loaded active active    User Slice of UID 1000
  user.slice                                                                                                                                                                   loaded active active    User and Session Slice
  dbus.socket                                                                                                                                                                  loaded active running   D-Bus System Message Bus Socket
  systemd-ask-password.socket                                                                                                                                                  loaded active listening Query the User Interactively for a Password
  systemd-bootctl.socket                                                                                                                                                       loaded active listening Boot Entries Service Socket
  systemd-coredump.socket                                                                                                                                                      loaded active listening Process Core Dump Socket
  systemd-creds.socket                                                                                                                                                         loaded active listening Credential Encryption/Decryption
  systemd-factory-reset.socket                                                                                                                                                 loaded active listening Factory Reset Management
  systemd-hostnamed.socket                                                                                                                                                     loaded active listening Hostname Service Socket
  systemd-journald-audit.socket                                                                                                                                                loaded active running   Journal Audit Socket
  systemd-journald-dev-log.socket                                                                                                                                              loaded active running   Journal Socket (/dev/log)
  systemd-journald.socket                                                                                                                                                      loaded active running   Journal Sockets
  systemd-logind-varlink.socket                                                                                                                                                loaded active running   User Login Management Varlink Socket
  systemd-mute-console.socket                                                                                                                                                  loaded active listening Console Output Muting Service Socket
  systemd-oomd.socket                                                                                                                                                          loaded active running   Userspace Out-Of-Memory (OOM) Killer Socket
  systemd-repart.socket                                                                                                                                                        loaded active listening Disk Repartitioning Service Socket
  systemd-resolved-monitor.socket                                                                                                                                              loaded active running   Resolve Monitor Varlink Socket
  systemd-resolved-varlink.socket                                                                                                                                              loaded active running   Resolve Service Varlink Socket
  systemd-sysext.socket                                                                                                                                                        loaded active listening System Extension Image Management
  systemd-udevd-control.socket                                                                                                                                                 loaded active running   udev Control Socket
  systemd-udevd-kernel.socket                                                                                                                                                  loaded active running   udev Kernel Socket
  systemd-udevd-varlink.socket                                                                                                                                                 loaded active running   udev Varlink Socket
  systemd-userdbd.socket                                                                                                                                                       loaded active running   User Database Manager Socket
  basic.target                                                                                                                                                                 loaded active active    Basic System
  cryptsetup.target                                                                                                                                                            loaded active active    Local Encrypted Volumes
  getty.target                                                                                                                                                                 loaded active active    Login Prompts
  graphical.target                                                                                                                                                             loaded active active    Graphical Interface
  imports.target                                                                                                                                                               loaded active active    Image Downloads
  integritysetup.target                                                                                                                                                        loaded active active    Local Integrity Protected Volumes
  local-fs-pre.target                                                                                                                                                          loaded active active    Preparation for Local File Systems
  local-fs.target                                                                                                                                                              loaded active active    Local File Systems
  multi-user.target                                                                                                                                                            loaded active active    Multi-User System
  network-online.target                                                                                                                                                        loaded active active    Network is Online
  network-pre.target                                                                                                                                                           loaded active active    Preparation for Network
  network.target                                                                                                                                                               loaded active active    Network
  nss-lookup.target                                                                                                                                                            loaded active active    Host and Network Name Lookups
  paths.target                                                                                                                                                                 loaded active active    Path Units
  remote-cryptsetup.target                                                                                                                                                     loaded active active    Remote Encrypted Volumes
  remote-fs.target                                                                                                                                                             loaded active active    Remote File Systems
  remote-integritysetup.target                                                                                                                                                 loaded active active    Remote Integrity Protected Volumes
  remote-veritysetup.target                                                                                                                                                    loaded active active    Remote Verity Protected Volumes
  slices.target                                                                                                                                                                loaded active active    Slice Units
  sockets.target                                                                                                                                                               loaded active active    Socket Units
  swap.target                                                                                                                                                                  loaded active active    Swaps
  sysinit.target                                                                                                                                                               loaded active active    System Initialization
  timers.target                                                                                                                                                                loaded active active    Timer Units
  veritysetup.target                                                                                                                                                           loaded active active    Local Verity Protected Volumes
  dnf-makecache.timer                                                                                                                                                          loaded active waiting   dnf5 makecache
  systemd-tmpfiles-clean.timer                                                                                                                                                 loaded active waiting   Daily Cleanup of Temporary Directories
  unbound-anchor.timer                                                                                                                                                         loaded active waiting   daily update of the root trust anchor for DNSSEC

Legend: LOAD   → Reflects whether the unit definition was properly loaded.
        ACTIVE → The high-level unit activation state, i.e. generalization of SUB.
        SUB    → The low-level unit activation state, values depend on unit type.

170 loaded units listed. Pass --all to see loaded but inactive units, too.
To show all installed unit files use 'systemctl list-unit-files'.
